pyannote\audio\core\io.py:47: UserWarning: 
torchcodec is not installed correctly so built-in audio decoding will fail. Solutions are:
* use audio preloaded in-memory as a {'waveform': (channel, time) torch.Tensor, 'sample_rate': int} dictionary;
* fix torchcodec installation. Error message was:

Could not load libtorchcodec. Likely causes:
          1. FFmpeg is not properly installed in your environment. We support
             versions 4, 5, 6, 7, and 8, and we attempt to load libtorchcodec
             for each of those versions. Errors for versions not installed on
             your system are expected; only the error for your installed FFmpeg
             version is relevant. On Windows, ensure you've installed the
             "full-shared" version which ships DLLs.
          2. The PyTorch version (2.11.0+cpu) is not compatible with
             this version of TorchCodec. Refer to the version compatibility
             table:
             https://github.com/pytorch/torchcodec?tab=readme-ov-file#installing-torchcodec.
          3. Another runtime dependency; see exceptions below.

        The following exceptions were raised as we tried to load libtorchcodec:
        
[start of libtorchcodec loading traceback]
FFmpeg version 8:
Traceback (most recent call last):
  File "torchcodec\_internally_replaced_utils.py", line 92, in load_torchcodec_shared_libraries
  File "torchcodec\_internally_replaced_utils.py", line 43, in _get_extension_path
ImportError: No spec found for libtorchcodec_core8

FFmpeg version 7:
Traceback (most recent call last):
  File "torchcodec\_internally_replaced_utils.py", line 92, in load_torchcodec_shared_libraries
  File "torchcodec\_internally_replaced_utils.py", line 43, in _get_extension_path
ImportError: No spec found for libtorchcodec_core7

FFmpeg version 6:
Traceback (most recent call last):
  File "torchcodec\_internally_replaced_utils.py", line 92, in load_torchcodec_shared_libraries
  File "torchcodec\_internally_replaced_utils.py", line 43, in _get_extension_path
ImportError: No spec found for libtorchcodec_core6

FFmpeg version 5:
Traceback (most recent call last):
  File "torchcodec\_internally_replaced_utils.py", line 92, in load_torchcodec_shared_libraries
  File "torchcodec\_internally_replaced_utils.py", line 43, in _get_extension_path
ImportError: No spec found for libtorchcodec_core5

FFmpeg version 4:
Traceback (most recent call last):
  File "torchcodec\_internally_replaced_utils.py", line 92, in load_torchcodec_shared_libraries
  File "torchcodec\_internally_replaced_utils.py", line 43, in _get_extension_path
ImportError: No spec found for libtorchcodec_core4
[end of libtorchcodec loading traceback].
2026-05-11 19:40:48 [ERROR] launcher: HF_TOKEN environment variable not set. Cannot load pyannote models.
2026-05-11 19:40:48 [ERROR] launcher: HF_TOKEN environment variable not set. Cannot load pyannote models.
2026-05-11 19:40:48 [INFO] launcher: Full diarization complete: 0 total segments, 0 speakers with embeddings
2026-05-11 19:40:48 [INFO] launcher: [rediarize-69f8456ffa503bc48bbed097] No diarization segments produced, skipping upload
